Building DAG of jobs...
Using shell: /bin/bash
Provided cores: 1 (use --cores to define parallelism)
Rules claiming more threads will be scaled down.
Job counts:
	count	jobs
	1	all
	1	make_model
	2

[Mon Jul 13 16:17:49 2020]
rule make_model:
    output: test.txt
    jobid: 1

[Mon Jul 13 16:17:54 2020]
Finished job 1.
1 of 2 steps (50%) done

[Mon Jul 13 16:17:54 2020]
localrule all:
    input: test.txt
    jobid: 0

[Mon Jul 13 16:17:54 2020]
Finished job 0.
2 of 2 steps (100%) done
Complete log: /Users/jarrettbrunner/Desktop/sim-pipeline/.snakemake/log/2020-07-13T161749.082568.snakemake.log
