Building DAG of jobs...
Using shell: /bin/bash
Provided cores: 1 (use --cores to define parallelism)
Rules claiming more threads will be scaled down.
Job counts:
	count	jobs
	1	all
	1	make_model
	2	run_scripts
	4

[Mon Jul 13 16:31:09 2020]
rule run_scripts:
    input: scripts/script1.py
    output: data/script1.py
    jobid: 2
    wildcards: example=script1.py

[Mon Jul 13 16:31:09 2020]
Finished job 2.
1 of 4 steps (25%) done

[Mon Jul 13 16:31:09 2020]
rule run_scripts:
    input: scripts/script2.py
    output: data/script2.py
    jobid: 3
    wildcards: example=script2.py

[Mon Jul 13 16:31:09 2020]
Finished job 3.
2 of 4 steps (50%) done

[Mon Jul 13 16:31:09 2020]
rule make_model:
    input: data/script1.py, data/script2.py
    output: test.txt
    jobid: 1

[Mon Jul 13 16:31:15 2020]
Finished job 1.
3 of 4 steps (75%) done

[Mon Jul 13 16:31:15 2020]
localrule all:
    input: test.txt, data/script1.py, data/script2.py
    jobid: 0

[Mon Jul 13 16:31:15 2020]
Finished job 0.
4 of 4 steps (100%) done
Complete log: /Users/jarrettbrunner/Desktop/sim-pipeline/.snakemake/log/2020-07-13T163109.361568.snakemake.log
